TN:
SF:/Users/oussama/Documents/crzx/contracts/emporion-core/src/contract.rs
FN:12,instantiate
FN:23,query
FN:63,execute
FNF:3
FNDA:12,instantiate
FNDA:90,query
FNDA:132,execute
DA:12,12
DA:18,16
DA:19,8
DA:23,90
DA:24,90
DA:25,1
DA:26,3
DA:27,4
DA:28,4
DA:30,6
DA:31,6
DA:33,9
DA:34,22
DA:35,6
DA:36,3
DA:37,3
DA:39,3
DA:40,3
DA:42,2
DA:43,2
DA:45,2
DA:46,2
DA:49,2
DA:50,2
DA:51,2
DA:52,5
DA:53,5
DA:55,16
DA:56,4
DA:57,0
DA:58,2
DA:63,132
DA:69,132
DA:70,5
DA:71,2
DA:72,2
DA:73,2
DA:74,4
DA:75,5
DA:76,2
DA:77,2
DA:79,4
DA:80,8
DA:81,4
DA:82,8
DA:83,3
DA:84,6
DA:85,7
DA:86,3
DA:87,2
DA:88,2
DA:90,21
DA:91,3
DA:92,3
DA:93,3
DA:95,2
DA:96,0
DA:97,36
DA:98,72
DA:103,4
DA:105,13
DA:106,13
DA:108,7
DA:110,7
DA:113,12
DA:114,12
LF:66
LH:64
end_of_record
TN:
SF:/Users/oussama/Documents/crzx/contracts/emporion-core/src/state.rs
FN:212,get_index
FN:221,ContractParams::load
FN:225,ContractParams::save
FN:229,ContractParams::loaded_get_asset_wheight
FN:241,ContractParams::loaded_is_admin
FN:248,ContractParams::loaded_is_dev
FN:255,ContractParams::is_admin
FN:260,ContractParams::is_dev
FN:266,ContractParams::check_assets
FN:271,ContractParams::loaded_check_assets
FN:283,ContractParams::check
FN:331,ContractParams::msg_instantiate
FN:352,ContractParams::msg_update
FN:366,ContractParams::msg_update_admin
FN:383,ContractParams::msg_query_info
FN:389,ContractParams::msg_query_params
FN:399,Distribution::check
FN:415,Distribution::apply_to
FN:450,Blacklist::check
FN:457,Blacklist::msg_query_all
FN:483,Blacklist::msg_query_check
FN:495,Blacklist::msg_blacklist
FN:516,Blacklist::msg_unblacklist
FN:542,VotingPower::update_power_for
FN:559,VotingPower::update_total_power
FN:573,VotingPower::msg_query_at_height
FN:597,VotingPower::msg_query_total_at_height
FN:619,Bank::init
FN:629,Bank::load
FN:632,Bank::save
FN:636,Bank::msg_query
FN:641,Bank::msg_withdraw_dev_to
FN:662,Bank::msg_distribute_rewards
FN:723,User::invest
FN:767,User::msg_divest
FN:830,User::msg_withdraw
FN:861,User::msg_invest
FN:874,User::msg_cw20_invest
FN:891,User::msg_query_stats
FN:896,User::load_or_new
FN:917,User::load
FN:922,User::save
FN:933,Product::load
FN:938,Product::save
FN:942,Product::msg_query_by_id
FN:946,Product::create
FN:1009,Product::msg_create
FN:1022,Product::msg_cw20_create
FN:1038,Product::msg_list
FN:1056,Product::msg_unlist
FN:1074,Product::msg_query_all
FN:1099,Product::msg_query_of
FN:1133,Order::create
FN:1192,Order::check_cart
FN:1231,Order::update
FN:1273,Order::add_products
FN:1288,Order::msg_cw20_add_products
FN:1307,Order::msg_accept
FN:1331,Order::msg_reject
FN:1364,Order::msg_fulfill
FN:1431,Order::msg_dispute
FN:1577,Order::msg_finalize
FN:1608,Order::msg_create
FN:1635,Order::msg_cw20_create
FN:1667,Order::msg_query_for
FN:1696,Order::msg_query_from
FN:1724,Order::msg_query_by_id
FN:1729,Order::load
FN:1733,Order::other
FN:1740,Order::save
FN:1750,Review::check
FN:1760,Review::save
FN:1764,Review::load
FN:1770,Review::create
FN:1791,Review::msg_review_user
FN:1839,Review::msg_review_product
FN:1893,Review::msg_query_product_reviews
FN:1926,Review::msg_query_reviews_of_reviewed
FN:1960,Review::msg_query_reviews_from_reviewer
FNF:79
FNDA:48,get_index
FNDA:85,ContractParams::load
FNDA:0,ContractParams::save
FNDA:6,ContractParams::loaded_get_asset_wheight
FNDA:12,ContractParams::loaded_is_admin
FNDA:3,ContractParams::loaded_is_dev
FNDA:9,ContractParams::is_admin
FNDA:3,ContractParams::is_dev
FNDA:0,ContractParams::check_assets
FNDA:90,ContractParams::loaded_check_assets
FNDA:13,ContractParams::check
FNDA:12,ContractParams::msg_instantiate
FNDA:2,ContractParams::msg_update
FNDA:0,ContractParams::msg_update_admin
FNDA:1,ContractParams::msg_query_info
FNDA:3,ContractParams::msg_query_params
FNDA:37,Distribution::check
FNDA:38,Distribution::apply_to
FNDA:107,Blacklist::check
FNDA:0,Blacklist::msg_query_all
FNDA:2,Blacklist::msg_query_check
FNDA:5,Blacklist::msg_blacklist
FNDA:2,Blacklist::msg_unblacklist
FNDA:6,VotingPower::update_power_for
FNDA:6,VotingPower::update_total_power
FNDA:6,VotingPower::msg_query_at_height
FNDA:4,VotingPower::msg_query_total_at_height
FNDA:8,Bank::init
FNDA:54,Bank::load
FNDA:41,Bank::save
FNDA:9,Bank::msg_query
FNDA:3,Bank::msg_withdraw_dev_to
FNDA:3,Bank::msg_distribute_rewards
FNDA:6,User::invest
FNDA:2,User::msg_divest
FNDA:4,User::msg_withdraw
FNDA:2,User::msg_invest
FNDA:4,User::msg_cw20_invest
FNDA:22,User::msg_query_stats
FNDA:53,User::load_or_new
FNDA:114,User::load
FNDA:62,User::save
FNDA:46,Product::load
FNDA:33,Product::save
FNDA:4,Product::msg_query_by_id
FNDA:33,Product::create
FNDA:21,Product::msg_create
FNDA:12,Product::msg_cw20_create
FNDA:3,Product::msg_list
FNDA:2,Product::msg_unlist
FNDA:16,Product::msg_query_all
FNDA:5,Product::msg_query_of
FNDA:18,Order::create
FNDA:20,Order::check_cart
FNDA:9,Order::update
FNDA:2,Order::add_products
FNDA:7,Order::msg_cw20_add_products
FNDA:8,Order::msg_accept
FNDA:4,Order::msg_reject
FNDA:8,Order::msg_fulfill
FNDA:3,Order::msg_dispute
FNDA:4,Order::msg_finalize
FNDA:5,Order::msg_create
FNDA:13,Order::msg_cw20_create
FNDA:3,Order::msg_query_for
FNDA:3,Order::msg_query_from
FNDA:6,Order::msg_query_by_id
FNDA:63,Order::load
FNDA:3,Order::other
FNDA:24,Order::save
FNDA:7,Review::check
FNDA:2,Review::save
FNDA:8,Review::load
FNDA:5,Review::create
FNDA:6,Review::msg_review_user
FNDA:7,Review::msg_review_product
FNDA:2,Review::msg_query_product_reviews
FNDA:2,Review::msg_query_reviews_of_reviewed
FNDA:2,Review::msg_query_reviews_from_reviewer
DA:212,48
DA:213,144
DA:221,85
DA:222,85
DA:225,0
DA:226,0
DA:229,6
DA:230,6
DA:232,13
DA:233,7
DA:234,6
DA:236,1
DA:241,12
DA:242,12
DA:243,9
DA:245,3
DA:248,3
DA:249,3
DA:250,2
DA:252,1
DA:255,9
DA:256,18
DA:260,3
DA:261,6
DA:262,1
DA:263,2
DA:266,0
DA:267,0
DA:271,90
DA:272,179
DA:273,89
DA:274,89
DA:275,300
DA:277,90
DA:278,5
DA:279,85
DA:283,13
DA:284,26
DA:285,13
DA:286,1
DA:287,12
DA:288,12
DA:289,12
DA:290,11
DA:292,1
DA:294,11
DA:295,1
DA:296,1
DA:297,1
DA:300,10
DA:303,63
DA:307,21
DA:313,1
DA:316,9
DA:317,9
DA:318,9
DA:319,9
DA:320,9
DA:321,9
DA:322,9
DA:323,9
DA:324,9
DA:325,9
DA:326,9
DA:327,9
DA:331,12
DA:337,12
DA:339,24
DA:340,0
DA:341,8
DA:342,8
DA:344,8
DA:345,8
DA:347,8
DA:348,8
DA:349,8
DA:352,2
DA:358,3
DA:359,2
DA:360,0
DA:361,1
DA:362,1
DA:363,1
DA:366,0
DA:372,0
DA:373,0
DA:374,0
DA:375,0
DA:376,0
DA:377,0
DA:378,0
DA:379,0
DA:380,0
DA:383,1
DA:384,2
DA:386,0
DA:389,3
DA:390,3
DA:399,37
DA:400,37
DA:401,37
DA:402,37
DA:403,37
DA:404,37
DA:405,37
DA:406,37
DA:408,37
DA:410,36
DA:412,1
DA:415,38
DA:416,38
DA:417,76
DA:418,38
DA:419,38
DA:420,38
DA:422,38
DA:423,76
DA:424,38
DA:425,38
DA:426,38
DA:429,38
DA:430,76
DA:431,38
DA:432,38
DA:433,38
DA:437,38
DA:438,38
DA:439,38
DA:440,38
DA:450,107
DA:451,107
DA:452,4
DA:454,103
DA:457,0
DA:461,0
DA:462,0
DA:463,0
DA:465,0
DA:467,0
DA:468,0
DA:469,0
DA:470,0
DA:472,0
DA:474,0
DA:475,0
DA:477,0
DA:479,0
DA:483,2
DA:487,4
DA:488,2
DA:489,6
DA:490,2
DA:491,4
DA:492,2
DA:495,5
DA:501,6
DA:503,4
DA:504,8
DA:505,8
DA:506,0
DA:507,4
DA:510,4
DA:511,4
DA:512,4
DA:513,4
DA:516,2
DA:522,2
DA:524,2
DA:525,4
DA:526,4
DA:530,2
DA:531,2
DA:532,2
DA:533,2
DA:542,6
DA:551,6
DA:552,6
DA:553,6
DA:554,12
DA:555,0
DA:556,6
DA:559,6
DA:567,6
DA:568,12
DA:569,0
DA:570,6
DA:573,6
DA:579,6
DA:580,12
DA:582,1
DA:583,1
DA:584,1
DA:587,10
DA:588,5
DA:597,4
DA:602,4
DA:603,8
DA:604,4
DA:619,8
DA:621,8
DA:622,8
DA:623,8
DA:624,8
DA:626,8
DA:627,8
DA:629,54
DA:630,54
DA:632,41
DA:633,41
DA:636,9
DA:637,18
DA:638,0
DA:641,3
DA:647,4
DA:648,4
DA:649,2
DA:650,2
DA:651,1
DA:652,1
DA:653,2
DA:655,1
DA:656,1
DA:657,1
DA:658,1
DA:659,1
DA:662,3
DA:667,6
DA:668,1
DA:669,4
DA:671,1
DA:673,1
DA:680,4
DA:681,3
DA:682,3
DA:683,3
DA:684,3
DA:685,9
DA:686,6
DA:687,6
DA:688,6
DA:689,6
DA:690,6
DA:691,6
DA:692,6
DA:693,6
DA:694,6
DA:695,6
DA:696,6
DA:697,6
DA:698,3
DA:699,3
DA:700,1
DA:701,1
DA:702,1
DA:705,6
DA:707,3
DA:708,3
DA:710,1
DA:711,1
DA:712,1
DA:713,1
DA:714,1
DA:723,6
DA:732,12
DA:733,6
DA:734,6
DA:735,1
DA:736,5
DA:737,5
DA:739,5
DA:742,10
DA:743,5
DA:744,5
DA:746,5
DA:747,5
DA:750,10
DA:753,5
DA:754,5
DA:755,5
DA:756,5
DA:758,0
DA:759,5
DA:760,5
DA:762,5
DA:763,5
DA:764,5
DA:767,2
DA:775,2
DA:776,4
DA:777,2
DA:778,2
DA:779,2
DA:787,2
DA:788,2
DA:789,2
DA:790,2
DA:791,2
DA:792,2
DA:794,2
DA:804,1
DA:805,1
DA:806,1
DA:808,1
DA:809,1
DA:810,1
DA:813,2
DA:814,1
DA:815,1
DA:817,1
DA:819,2
DA:821,1
DA:822,1
DA:824,1
DA:825,1
DA:826,1
DA:827,1
DA:830,4
DA:835,8
DA:839,4
DA:840,4
DA:841,2
DA:843,2
DA:850,4
DA:852,4
DA:853,0
DA:855,4
DA:856,4
DA:857,4
DA:858,4
DA:861,2
DA:866,2
DA:867,3
DA:868,1
DA:869,1
DA:870,1
DA:871,1
DA:874,4
DA:881,8
DA:883,0
DA:884,4
DA:885,4
DA:886,4
DA:887,4
DA:888,4
DA:891,22
DA:892,44
DA:893,0
DA:896,53
DA:897,106
DA:898,144
DA:899,68
DA:900,15
DA:901,15
DA:902,15
DA:903,15
DA:904,15
DA:905,15
DA:906,15
DA:907,15
DA:908,15
DA:909,15
DA:911,15
DA:912,15
DA:917,114
DA:918,114
DA:919,114
DA:920,258
DA:922,62
DA:923,62
DA:924,62
DA:933,46
DA:934,46
DA:935,46
DA:936,100
DA:938,33
DA:939,33
DA:942,4
DA:943,5
DA:946,33
DA:952,66
DA:953,2
DA:954,62
DA:955,2
DA:956,29
DA:957,29
DA:958,0
DA:960,29
DA:961,0
DA:964,29
DA:965,58
DA:969,28
DA:970,28
DA:971,28
DA:972,84
DA:973,28
DA:975,1
DA:977,28
DA:978,28
DA:979,28
DA:980,28
DA:981,28
DA:982,28
DA:983,0
DA:984,28
DA:985,28
DA:986,28
DA:989,1848
DA:990,0
DA:994,0
DA:1003,0
DA:1004,28
DA:1005,28
DA:1006,28
DA:1009,21
DA:1014,21
DA:1015,42
DA:1022,12
DA:1029,24
DA:1031,12
DA:1032,10
DA:1033,10
DA:1034,10
DA:1035,10
DA:1038,3
DA:1043,3
DA:1044,6
DA:1046,1
DA:1048,2
DA:1049,2
DA:1050,2
DA:1051,2
DA:1052,2
DA:1053,2
DA:1056,2
DA:1061,2
DA:1062,4
DA:1064,1
DA:1066,1
DA:1067,1
DA:1068,1
DA:1069,1
DA:1070,1
DA:1071,1
DA:1074,16
DA:1078,45
DA:1079,32
DA:1081,16
DA:1082,16
DA:1083,16
DA:1084,16
DA:1086,16
DA:1089,44
DA:1091,16
DA:1092,39
DA:1094,3
DA:1096,0
DA:1099,5
DA:1104,10
DA:1105,4
DA:1106,5
DA:1117,20
DA:1119,5
DA:1120,15
DA:1122,0
DA:1124,0
DA:1133,18
DA:1139,36
DA:1141,1
DA:1142,17
DA:1143,17
DA:1144,34
DA:1145,17
DA:1146,14
DA:1147,14
DA:1148,14
DA:1151,17
DA:1152,15
DA:1154,2
DA:1155,2
DA:1156,2
DA:1159,15
DA:1160,15
DA:1163,13
DA:1164,13
DA:1165,13
DA:1166,39
DA:1169,8
DA:1170,7
DA:1183,0
DA:1184,8
DA:1186,8
DA:1187,8
DA:1188,8
DA:1189,8
DA:1192,20
DA:1199,20
DA:1200,2
DA:1202,18
DA:1203,18
DA:1204,18
DA:1205,18
DA:1206,18
DA:1207,36
DA:1208,36
DA:1210,1
DA:1212,14
DA:1213,1
DA:1215,26
DA:1216,13
DA:1218,25
DA:1219,13
DA:1220,13
DA:1221,14
DA:1222,1
DA:1223,11
DA:1224,11
DA:1225,11
DA:1227,11
DA:1228,11
DA:1231,9
DA:1239,18
DA:1241,1
DA:1243,8
DA:1244,2
DA:1246,6
DA:1248,1
DA:1249,5
DA:1250,5
DA:1252,10
DA:1254,10
DA:1255,5
DA:1256,5
DA:1257,15
DA:1261,3
DA:1262,2
DA:1265,0
DA:1266,4
DA:1267,1
DA:1269,3
DA:1270,3
DA:1273,2
DA:1280,2
DA:1281,4
DA:1288,7
DA:1297,7
DA:1298,14
DA:1299,7
DA:1301,1
DA:1302,1
DA:1303,1
DA:1304,1
DA:1307,8
DA:1312,16
DA:1313,1
DA:1314,7
DA:1315,7
DA:1316,1
DA:1318,6
DA:1319,1
DA:1322,5
DA:1323,5
DA:1325,5
DA:1326,5
DA:1327,5
DA:1328,5
DA:1331,4
DA:1336,8
DA:1337,2
DA:1338,1
DA:1340,5
DA:1341,1
DA:1343,3
DA:1344,1
DA:1346,1
DA:1348,1
DA:1349,1
DA:1352,1
DA:1353,1
DA:1354,1
DA:1355,2
DA:1357,1
DA:1358,1
DA:1359,1
DA:1360,1
DA:1361,1
DA:1364,8
DA:1377,16
DA:1379,10
DA:1381,3
DA:1383,5
DA:1384,1
DA:1386,4
DA:1387,4
DA:1388,4
DA:1390,4
DA:1393,4
DA:1394,4
DA:1395,4
DA:1396,4
DA:1398,0
DA:1399,4
DA:1400,8
DA:1401,4
DA:1405,4
DA:1406,4
DA:1407,4
DA:1408,0
DA:1410,0
DA:1411,4
DA:1412,4
DA:1413,4
DA:1414,4
DA:1415,4
DA:1416,4
DA:1417,4
DA:1419,4
DA:1420,0
DA:1421,4
DA:1422,4
DA:1423,4
DA:1424,4
DA:1425,4
DA:1426,4
DA:1427,4
DA:1428,4
DA:1431,3
DA:1436,6
DA:1438,2
DA:1439,1
DA:1442,2
DA:1443,1
DA:1445,1
DA:1446,1
DA:1447,1
DA:1448,1
DA:1451,1
DA:1452,1
DA:1453,1
DA:1454,1
DA:1457,1
DA:1458,1
DA:1461,0
DA:1462,1
DA:1463,1
DA:1464,1
DA:1466,1
DA:1468,1
DA:1469,2
DA:1470,1
DA:1471,1
DA:1472,1
DA:1475,1
DA:1476,1
DA:1477,1
DA:1478,1
DA:1481,1
DA:1482,1
DA:1483,1
DA:1484,1
DA:1485,1
DA:1486,1
DA:1488,1
DA:1489,1
DA:1490,1
DA:1491,1
DA:1492,1
DA:1493,1
DA:1494,1
DA:1495,1
DA:1496,1
DA:1497,1
DA:1498,1
DA:1499,1
DA:1500,1
DA:1501,1
DA:1502,1
DA:1503,1
DA:1504,1
DA:1505,1
DA:1506,1
DA:1509,1
DA:1510,1
DA:1511,1
DA:1512,1
DA:1514,1
DA:1516,1
DA:1517,1
DA:1518,1
DA:1519,1
DA:1521,1
DA:1528,1
DA:1529,1
DA:1530,1
DA:1531,1
DA:1532,1
DA:1533,1
DA:1534,1
DA:1535,1
DA:1537,1
DA:1538,1
DA:1539,1
DA:1540,1
DA:1541,1
DA:1542,1
DA:1544,1
DA:1548,1
DA:1549,1
DA:1550,1
DA:1551,1
DA:1552,0
DA:1553,1
DA:1554,1
DA:1555,1
DA:1556,1
DA:1557,1
DA:1558,1
DA:1559,1
DA:1561,1
DA:1562,1
DA:1563,1
DA:1564,1
DA:1566,2
DA:1567,1
DA:1569,1
DA:1570,1
DA:1571,1
DA:1572,1
DA:1573,1
DA:1574,1
DA:1577,4
DA:1582,8
DA:1584,1
DA:1586,3
DA:1587,1
DA:1589,2
DA:1590,2
DA:1592,4
DA:1593,2
DA:1599,0
DA:1600,2
DA:1601,2
DA:1602,2
DA:1603,2
DA:1604,2
DA:1605,2
DA:1608,5
DA:1614,5
DA:1615,10
DA:1616,5
DA:1617,3
DA:1619,2
DA:1628,5
DA:1629,4
DA:1630,4
DA:1631,4
DA:1632,4
DA:1635,13
DA:1643,13
DA:1645,26
DA:1646,13
DA:1647,13
DA:1648,12
DA:1650,1
DA:1659,13
DA:1660,4
DA:1661,4
DA:1662,4
DA:1663,4
DA:1667,3
DA:1672,6
DA:1673,1
DA:1674,3
DA:1685,7
DA:1687,3
DA:1688,3
DA:1690,2
DA:1692,0
DA:1696,3
DA:1701,6
DA:1702,1
DA:1703,3
DA:1714,7
DA:1716,3
DA:1717,3
DA:1719,2
DA:1721,0
DA:1724,6
DA:1725,12
DA:1726,0
DA:1729,63
DA:1730,64
DA:1733,3
DA:1734,3
DA:1735,1
DA:1737,2
DA:1740,24
DA:1741,24
DA:1750,7
DA:1751,7
DA:1752,1
DA:1754,6
DA:1755,1
DA:1757,5
DA:1760,2
DA:1761,2
DA:1762,2
DA:1764,8
DA:1765,8
DA:1766,8
DA:1767,16
DA:1770,5
DA:1777,10
DA:1785,2
DA:1786,3
DA:1787,3
DA:1788,3
DA:1791,6
DA:1796,12
DA:1797,3
DA:1798,1
DA:1800,5
DA:1801,1
DA:1803,3
DA:1806,3
DA:1807,2
DA:1808,1
DA:1815,0
DA:1816,1
DA:1817,1
DA:1820,2
DA:1821,2
DA:1822,2
DA:1823,2
DA:1824,2
DA:1828,0
DA:1829,2
DA:1831,0
DA:1833,3
DA:1834,3
DA:1835,3
DA:1836,3
DA:1839,7
DA:1844,14
DA:1849,1
DA:1851,7
DA:1852,1
DA:1854,10
DA:1855,1
DA:1857,4
DA:1860,2
DA:1861,2
DA:1862,1
DA:1869,0
DA:1870,1
DA:1871,1
DA:1874,3
DA:1875,3
DA:1876,3
DA:1877,3
DA:1878,3
DA:1882,0
DA:1883,1
DA:1885,0
DA:1887,2
DA:1888,2
DA:1889,2
DA:1890,2
DA:1893,2
DA:1898,4
DA:1899,2
DA:1900,4
DA:1901,2
DA:1903,2
DA:1904,2
DA:1905,2
DA:1906,2
DA:1908,2
DA:1911,4
DA:1912,2
DA:1913,2
DA:1916,2
DA:1917,0
DA:1918,0
DA:1920,2
DA:1923,0
DA:1926,2
DA:1931,4
DA:1932,0
DA:1934,2
DA:1945,4
DA:1946,2
DA:1947,2
DA:1950,2
DA:1951,0
DA:1952,0
DA:1954,2
DA:1957,0
DA:1960,2
DA:1965,4
DA:1966,0
DA:1967,2
DA:1978,4
DA:1980,2
DA:1981,0
DA:1983,2
DA:1985,0
LF:906
LH:830
end_of_record
