TN:
SF:/Users/oussama/Documents/crzx/contracts/emporion-core/src/contract.rs
FN:12,instantiate
FN:23,query
FN:61,execute
FNF:3
FNDA:12,instantiate
FNDA:88,query
FNDA:132,execute
DA:12,12
DA:18,16
DA:19,8
DA:23,88
DA:24,88
DA:25,1
DA:26,3
DA:27,4
DA:28,4
DA:30,6
DA:31,6
DA:33,9
DA:34,22
DA:35,6
DA:36,3
DA:37,3
DA:39,3
DA:40,3
DA:42,2
DA:43,2
DA:45,2
DA:46,2
DA:49,2
DA:50,2
DA:51,2
DA:52,5
DA:53,5
DA:55,16
DA:56,4
DA:61,132
DA:67,132
DA:68,5
DA:69,2
DA:70,2
DA:71,2
DA:72,4
DA:73,5
DA:74,2
DA:75,2
DA:77,4
DA:78,8
DA:79,4
DA:80,8
DA:81,3
DA:82,6
DA:83,7
DA:84,3
DA:85,2
DA:86,2
DA:88,21
DA:89,3
DA:90,3
DA:91,3
DA:93,2
DA:94,36
DA:95,72
DA:100,4
DA:102,13
DA:103,13
DA:105,7
DA:107,7
DA:110,12
DA:111,12
LF:63
LH:63
end_of_record
TN:
SF:/Users/oussama/Documents/crzx/contracts/emporion-core/src/state.rs
FN:210,get_index
FN:219,ContractParams::load
FN:223,ContractParams::loaded_get_asset_wheight
FN:235,ContractParams::loaded_is_admin
FN:242,ContractParams::loaded_is_dev
FN:249,ContractParams::is_admin
FN:254,ContractParams::is_dev
FN:260,ContractParams::check_assets
FN:265,ContractParams::loaded_check_assets
FN:277,ContractParams::check
FN:323,ContractParams::msg_instantiate
FN:344,ContractParams::msg_update
FN:358,ContractParams::msg_query_info
FN:364,ContractParams::msg_query_params
FN:374,Distribution::check
FN:390,Distribution::apply_to
FN:425,Blacklist::check
FN:432,Blacklist::msg_blacklist
FN:453,Blacklist::msg_unblacklist
FN:479,VotingPower::update_power_for
FN:496,VotingPower::update_total_power
FN:510,VotingPower::msg_query_at_height
FN:534,VotingPower::msg_query_total_at_height
FN:556,Bank::init
FN:566,Bank::load
FN:569,Bank::save
FN:573,Bank::msg_query
FN:578,Bank::msg_withdraw_dev_to
FN:599,Bank::msg_distribute_rewards
FN:660,User::invest
FN:704,User::msg_divest
FN:767,User::msg_withdraw
FN:798,User::msg_invest
FN:811,User::msg_cw20_invest
FN:828,User::msg_query_stats
FN:833,User::load_or_new
FN:854,User::load
FN:859,User::save
FN:870,Product::load
FN:875,Product::save
FN:879,Product::msg_query_by_id
FN:883,Product::create
FN:936,Product::msg_create
FN:949,Product::msg_cw20_create
FN:965,Product::msg_list
FN:983,Product::msg_unlist
FN:1001,Product::msg_query_all
FN:1026,Product::msg_query_of
FN:1060,Order::create
FN:1118,Order::check_cart
FN:1157,Order::update
FN:1199,Order::add_products
FN:1214,Order::msg_cw20_add_products
FN:1233,Order::msg_accept
FN:1257,Order::msg_reject
FN:1290,Order::msg_fulfill
FN:1357,Order::msg_dispute
FN:1503,Order::msg_finalize
FN:1534,Order::msg_create
FN:1561,Order::msg_cw20_create
FN:1593,Order::msg_query_for
FN:1622,Order::msg_query_from
FN:1650,Order::msg_query_by_id
FN:1655,Order::load
FN:1659,Order::other
FN:1666,Order::save
FN:1676,Review::check
FN:1686,Review::save
FN:1690,Review::load
FN:1696,Review::create
FN:1717,Review::msg_review_user
FN:1765,Review::msg_review_product
FN:1819,Review::msg_query_product_reviews
FN:1852,Review::msg_query_reviews_of_reviewed
FN:1886,Review::msg_query_reviews_from_reviewer
FNF:75
FNDA:48,get_index
FNDA:85,ContractParams::load
FNDA:6,ContractParams::loaded_get_asset_wheight
FNDA:12,ContractParams::loaded_is_admin
FNDA:3,ContractParams::loaded_is_dev
FNDA:9,ContractParams::is_admin
FNDA:3,ContractParams::is_dev
FNDA:0,ContractParams::check_assets
FNDA:90,ContractParams::loaded_check_assets
FNDA:13,ContractParams::check
FNDA:12,ContractParams::msg_instantiate
FNDA:2,ContractParams::msg_update
FNDA:1,ContractParams::msg_query_info
FNDA:3,ContractParams::msg_query_params
FNDA:37,Distribution::check
FNDA:38,Distribution::apply_to
FNDA:107,Blacklist::check
FNDA:5,Blacklist::msg_blacklist
FNDA:2,Blacklist::msg_unblacklist
FNDA:6,VotingPower::update_power_for
FNDA:6,VotingPower::update_total_power
FNDA:6,VotingPower::msg_query_at_height
FNDA:4,VotingPower::msg_query_total_at_height
FNDA:8,Bank::init
FNDA:54,Bank::load
FNDA:41,Bank::save
FNDA:9,Bank::msg_query
FNDA:3,Bank::msg_withdraw_dev_to
FNDA:3,Bank::msg_distribute_rewards
FNDA:6,User::invest
FNDA:2,User::msg_divest
FNDA:4,User::msg_withdraw
FNDA:2,User::msg_invest
FNDA:4,User::msg_cw20_invest
FNDA:22,User::msg_query_stats
FNDA:53,User::load_or_new
FNDA:114,User::load
FNDA:62,User::save
FNDA:46,Product::load
FNDA:33,Product::save
FNDA:4,Product::msg_query_by_id
FNDA:33,Product::create
FNDA:21,Product::msg_create
FNDA:12,Product::msg_cw20_create
FNDA:3,Product::msg_list
FNDA:2,Product::msg_unlist
FNDA:16,Product::msg_query_all
FNDA:5,Product::msg_query_of
FNDA:18,Order::create
FNDA:20,Order::check_cart
FNDA:9,Order::update
FNDA:2,Order::add_products
FNDA:7,Order::msg_cw20_add_products
FNDA:8,Order::msg_accept
FNDA:4,Order::msg_reject
FNDA:8,Order::msg_fulfill
FNDA:3,Order::msg_dispute
FNDA:4,Order::msg_finalize
FNDA:5,Order::msg_create
FNDA:13,Order::msg_cw20_create
FNDA:3,Order::msg_query_for
FNDA:3,Order::msg_query_from
FNDA:6,Order::msg_query_by_id
FNDA:63,Order::load
FNDA:3,Order::other
FNDA:24,Order::save
FNDA:7,Review::check
FNDA:2,Review::save
FNDA:8,Review::load
FNDA:5,Review::create
FNDA:6,Review::msg_review_user
FNDA:7,Review::msg_review_product
FNDA:2,Review::msg_query_product_reviews
FNDA:2,Review::msg_query_reviews_of_reviewed
FNDA:2,Review::msg_query_reviews_from_reviewer
DA:210,48
DA:211,144
DA:219,85
DA:220,85
DA:223,6
DA:224,6
DA:226,13
DA:227,7
DA:228,6
DA:230,1
DA:235,12
DA:236,12
DA:237,9
DA:239,3
DA:242,3
DA:243,3
DA:244,2
DA:246,1
DA:249,9
DA:250,18
DA:254,3
DA:255,6
DA:256,1
DA:257,2
DA:260,0
DA:261,0
DA:265,90
DA:266,179
DA:267,89
DA:268,89
DA:269,300
DA:271,90
DA:272,5
DA:273,85
DA:277,13
DA:278,26
DA:279,13
DA:280,1
DA:281,12
DA:282,12
DA:283,23
DA:284,1
DA:286,11
DA:287,1
DA:288,1
DA:289,1
DA:292,10
DA:295,63
DA:299,21
DA:305,1
DA:308,9
DA:309,9
DA:310,9
DA:311,9
DA:312,9
DA:313,9
DA:314,9
DA:315,9
DA:316,9
DA:317,9
DA:318,9
DA:319,9
DA:323,12
DA:329,12
DA:331,24
DA:332,0
DA:333,8
DA:334,8
DA:336,8
DA:337,8
DA:339,8
DA:340,8
DA:341,8
DA:344,2
DA:350,3
DA:351,2
DA:352,0
DA:353,1
DA:354,1
DA:355,1
DA:358,1
DA:359,2
DA:361,0
DA:364,3
DA:365,3
DA:374,37
DA:375,37
DA:376,37
DA:377,37
DA:378,37
DA:379,37
DA:380,37
DA:381,37
DA:383,37
DA:385,36
DA:387,1
DA:390,38
DA:391,38
DA:392,76
DA:393,38
DA:394,38
DA:395,38
DA:397,38
DA:398,76
DA:399,38
DA:400,38
DA:401,38
DA:404,38
DA:405,76
DA:406,38
DA:407,38
DA:408,38
DA:412,38
DA:413,38
DA:414,38
DA:415,38
DA:425,107
DA:426,107
DA:427,4
DA:429,103
DA:432,5
DA:438,6
DA:440,4
DA:441,8
DA:442,8
DA:443,0
DA:444,4
DA:447,4
DA:448,4
DA:449,4
DA:450,4
DA:453,2
DA:459,2
DA:461,2
DA:462,4
DA:463,4
DA:467,2
DA:468,2
DA:469,2
DA:470,2
DA:479,6
DA:488,6
DA:489,6
DA:490,6
DA:491,12
DA:492,0
DA:493,6
DA:496,6
DA:504,6
DA:505,12
DA:506,0
DA:507,6
DA:510,6
DA:516,6
DA:517,12
DA:519,1
DA:520,1
DA:521,1
DA:524,10
DA:525,5
DA:534,4
DA:539,4
DA:540,8
DA:541,4
DA:556,8
DA:558,8
DA:559,8
DA:560,8
DA:561,8
DA:563,8
DA:564,8
DA:566,54
DA:567,54
DA:569,41
DA:570,41
DA:573,9
DA:574,18
DA:575,0
DA:578,3
DA:584,4
DA:585,4
DA:586,2
DA:587,2
DA:588,1
DA:589,1
DA:590,2
DA:592,1
DA:593,1
DA:594,1
DA:595,1
DA:596,1
DA:599,3
DA:604,6
DA:605,1
DA:606,4
DA:608,1
DA:610,1
DA:617,4
DA:618,3
DA:619,3
DA:620,3
DA:621,3
DA:622,9
DA:623,6
DA:624,6
DA:625,6
DA:626,6
DA:627,6
DA:628,6
DA:629,6
DA:630,6
DA:631,6
DA:632,6
DA:633,6
DA:634,6
DA:635,3
DA:636,3
DA:637,1
DA:638,1
DA:639,1
DA:642,6
DA:644,3
DA:645,3
DA:647,1
DA:648,1
DA:649,1
DA:650,1
DA:651,1
DA:660,6
DA:669,12
DA:670,6
DA:671,6
DA:672,1
DA:673,5
DA:674,5
DA:676,5
DA:679,10
DA:680,5
DA:681,5
DA:683,5
DA:684,5
DA:687,10
DA:690,5
DA:691,5
DA:692,5
DA:693,5
DA:695,0
DA:696,5
DA:697,5
DA:699,5
DA:700,5
DA:701,5
DA:704,2
DA:712,2
DA:713,4
DA:714,2
DA:715,2
DA:716,2
DA:724,2
DA:725,2
DA:726,2
DA:727,2
DA:728,2
DA:729,2
DA:731,2
DA:741,1
DA:742,1
DA:743,1
DA:745,1
DA:746,1
DA:747,1
DA:750,2
DA:751,1
DA:752,1
DA:754,1
DA:756,2
DA:758,1
DA:759,1
DA:761,1
DA:762,1
DA:763,1
DA:764,1
DA:767,4
DA:772,8
DA:776,4
DA:777,4
DA:778,2
DA:780,2
DA:787,4
DA:789,4
DA:790,0
DA:792,4
DA:793,4
DA:794,4
DA:795,4
DA:798,2
DA:803,2
DA:804,3
DA:805,1
DA:806,1
DA:807,1
DA:808,1
DA:811,4
DA:818,8
DA:820,0
DA:821,4
DA:822,4
DA:823,4
DA:824,4
DA:825,4
DA:828,22
DA:829,44
DA:830,0
DA:833,53
DA:834,106
DA:835,144
DA:836,68
DA:837,15
DA:838,15
DA:839,15
DA:840,15
DA:841,15
DA:842,15
DA:843,15
DA:844,15
DA:845,15
DA:846,15
DA:848,15
DA:849,15
DA:854,114
DA:855,114
DA:856,114
DA:857,258
DA:859,62
DA:860,62
DA:861,62
DA:870,46
DA:871,46
DA:872,46
DA:873,100
DA:875,33
DA:876,33
DA:879,4
DA:880,5
DA:883,33
DA:889,66
DA:890,2
DA:891,62
DA:892,2
DA:893,29
DA:894,29
DA:895,0
DA:897,29
DA:898,58
DA:902,28
DA:903,28
DA:904,28
DA:905,84
DA:906,28
DA:908,1
DA:910,28
DA:911,28
DA:912,28
DA:913,28
DA:914,28
DA:915,28
DA:916,0
DA:917,28
DA:918,28
DA:919,28
DA:922,28
DA:930,0
DA:931,28
DA:932,28
DA:933,28
DA:936,21
DA:941,21
DA:942,42
DA:949,12
DA:956,24
DA:958,12
DA:959,10
DA:960,10
DA:961,10
DA:962,10
DA:965,3
DA:970,3
DA:971,6
DA:973,1
DA:975,2
DA:976,2
DA:977,2
DA:978,2
DA:979,2
DA:980,2
DA:983,2
DA:988,2
DA:989,4
DA:991,1
DA:993,1
DA:994,1
DA:995,1
DA:996,1
DA:997,1
DA:998,1
DA:1001,16
DA:1005,45
DA:1006,32
DA:1008,16
DA:1009,16
DA:1010,16
DA:1011,16
DA:1013,16
DA:1016,44
DA:1018,16
DA:1019,39
DA:1021,3
DA:1023,0
DA:1026,5
DA:1031,10
DA:1032,4
DA:1033,5
DA:1044,20
DA:1046,5
DA:1047,15
DA:1049,0
DA:1051,0
DA:1060,18
DA:1066,36
DA:1068,1
DA:1069,17
DA:1070,17
DA:1071,34
DA:1072,17
DA:1073,14
DA:1074,14
DA:1075,14
DA:1078,17
DA:1079,15
DA:1081,2
DA:1082,2
DA:1083,2
DA:1086,15
DA:1087,15
DA:1090,13
DA:1091,13
DA:1092,13
DA:1093,39
DA:1096,8
DA:1097,7
DA:1109,0
DA:1110,8
DA:1112,8
DA:1113,8
DA:1114,8
DA:1115,8
DA:1118,20
DA:1125,20
DA:1126,2
DA:1128,18
DA:1129,18
DA:1130,18
DA:1131,18
DA:1132,18
DA:1133,36
DA:1134,36
DA:1136,1
DA:1138,14
DA:1139,1
DA:1141,26
DA:1142,13
DA:1144,25
DA:1145,13
DA:1146,13
DA:1147,14
DA:1148,1
DA:1149,11
DA:1150,11
DA:1151,11
DA:1153,11
DA:1154,11
DA:1157,9
DA:1165,18
DA:1167,1
DA:1169,8
DA:1170,2
DA:1172,6
DA:1174,1
DA:1175,5
DA:1176,5
DA:1178,10
DA:1180,10
DA:1181,5
DA:1182,5
DA:1183,15
DA:1187,3
DA:1188,2
DA:1191,0
DA:1192,4
DA:1193,1
DA:1195,3
DA:1196,3
DA:1199,2
DA:1206,2
DA:1207,4
DA:1214,7
DA:1223,7
DA:1224,14
DA:1225,7
DA:1227,1
DA:1228,1
DA:1229,1
DA:1230,1
DA:1233,8
DA:1238,16
DA:1239,1
DA:1240,7
DA:1241,7
DA:1242,1
DA:1244,6
DA:1245,1
DA:1248,5
DA:1249,5
DA:1251,5
DA:1252,5
DA:1253,5
DA:1254,5
DA:1257,4
DA:1262,8
DA:1263,2
DA:1264,1
DA:1266,5
DA:1267,1
DA:1269,3
DA:1270,1
DA:1272,1
DA:1274,1
DA:1275,1
DA:1278,1
DA:1279,1
DA:1280,1
DA:1281,2
DA:1283,1
DA:1284,1
DA:1285,1
DA:1286,1
DA:1287,1
DA:1290,8
DA:1303,16
DA:1305,10
DA:1307,3
DA:1309,5
DA:1310,1
DA:1312,4
DA:1313,4
DA:1314,4
DA:1316,4
DA:1319,4
DA:1320,4
DA:1321,4
DA:1322,4
DA:1324,0
DA:1325,4
DA:1326,8
DA:1327,4
DA:1331,4
DA:1332,4
DA:1333,4
DA:1334,0
DA:1336,0
DA:1337,4
DA:1338,4
DA:1339,4
DA:1340,4
DA:1341,4
DA:1342,4
DA:1343,4
DA:1345,4
DA:1346,0
DA:1347,4
DA:1348,4
DA:1349,4
DA:1350,4
DA:1351,4
DA:1352,4
DA:1353,4
DA:1354,4
DA:1357,3
DA:1362,6
DA:1364,2
DA:1365,1
DA:1368,2
DA:1369,1
DA:1371,1
DA:1372,1
DA:1373,1
DA:1374,1
DA:1377,1
DA:1378,1
DA:1379,1
DA:1380,1
DA:1383,1
DA:1384,1
DA:1387,0
DA:1388,1
DA:1389,1
DA:1390,1
DA:1392,1
DA:1394,1
DA:1395,2
DA:1396,1
DA:1397,1
DA:1398,1
DA:1401,1
DA:1402,1
DA:1403,1
DA:1404,1
DA:1407,1
DA:1408,1
DA:1409,1
DA:1410,1
DA:1411,1
DA:1412,1
DA:1414,1
DA:1415,1
DA:1416,1
DA:1417,1
DA:1418,1
DA:1419,1
DA:1420,1
DA:1421,1
DA:1422,1
DA:1423,1
DA:1424,1
DA:1425,1
DA:1426,1
DA:1427,1
DA:1428,1
DA:1429,1
DA:1430,1
DA:1431,1
DA:1432,1
DA:1435,1
DA:1436,1
DA:1437,1
DA:1438,1
DA:1440,1
DA:1442,1
DA:1443,1
DA:1444,1
DA:1445,1
DA:1447,1
DA:1454,1
DA:1455,1
DA:1456,1
DA:1457,1
DA:1458,1
DA:1459,1
DA:1460,1
DA:1461,1
DA:1463,1
DA:1464,1
DA:1465,1
DA:1466,1
DA:1467,1
DA:1468,1
DA:1470,1
DA:1474,1
DA:1475,1
DA:1476,1
DA:1477,1
DA:1478,0
DA:1479,1
DA:1480,1
DA:1481,1
DA:1482,1
DA:1483,1
DA:1484,1
DA:1485,1
DA:1487,1
DA:1488,1
DA:1489,1
DA:1490,1
DA:1492,2
DA:1493,1
DA:1495,1
DA:1496,1
DA:1497,1
DA:1498,1
DA:1499,1
DA:1500,1
DA:1503,4
DA:1508,8
DA:1510,1
DA:1512,3
DA:1513,1
DA:1515,2
DA:1516,2
DA:1518,4
DA:1519,2
DA:1525,0
DA:1526,2
DA:1527,2
DA:1528,2
DA:1529,2
DA:1530,2
DA:1531,2
DA:1534,5
DA:1540,5
DA:1541,10
DA:1542,5
DA:1543,3
DA:1545,2
DA:1554,5
DA:1555,4
DA:1556,4
DA:1557,4
DA:1558,4
DA:1561,13
DA:1569,13
DA:1571,26
DA:1572,13
DA:1573,13
DA:1574,12
DA:1576,1
DA:1585,13
DA:1586,4
DA:1587,4
DA:1588,4
DA:1589,4
DA:1593,3
DA:1598,6
DA:1599,1
DA:1600,3
DA:1611,7
DA:1613,3
DA:1614,3
DA:1616,2
DA:1618,0
DA:1622,3
DA:1627,6
DA:1628,1
DA:1629,3
DA:1640,7
DA:1642,3
DA:1643,3
DA:1645,2
DA:1647,0
DA:1650,6
DA:1651,12
DA:1652,0
DA:1655,63
DA:1656,64
DA:1659,3
DA:1660,3
DA:1661,1
DA:1663,2
DA:1666,24
DA:1667,24
DA:1676,7
DA:1677,7
DA:1678,1
DA:1680,6
DA:1681,1
DA:1683,5
DA:1686,2
DA:1687,2
DA:1688,2
DA:1690,8
DA:1691,8
DA:1692,8
DA:1693,16
DA:1696,5
DA:1703,10
DA:1711,2
DA:1712,3
DA:1713,3
DA:1714,3
DA:1717,6
DA:1722,12
DA:1723,3
DA:1724,1
DA:1726,5
DA:1727,1
DA:1729,3
DA:1732,3
DA:1733,2
DA:1734,1
DA:1741,0
DA:1742,1
DA:1743,1
DA:1746,2
DA:1747,2
DA:1748,2
DA:1749,2
DA:1750,2
DA:1754,0
DA:1755,2
DA:1757,0
DA:1759,3
DA:1760,3
DA:1761,3
DA:1762,3
DA:1765,7
DA:1770,14
DA:1775,1
DA:1777,7
DA:1778,1
DA:1780,5
DA:1781,1
DA:1783,4
DA:1786,2
DA:1787,2
DA:1788,1
DA:1795,0
DA:1796,1
DA:1797,1
DA:1800,3
DA:1801,3
DA:1802,3
DA:1803,3
DA:1804,3
DA:1808,0
DA:1809,1
DA:1811,0
DA:1813,2
DA:1814,2
DA:1815,2
DA:1816,2
DA:1819,2
DA:1824,4
DA:1825,2
DA:1826,4
DA:1827,2
DA:1829,2
DA:1830,2
DA:1831,2
DA:1832,2
DA:1834,2
DA:1837,4
DA:1838,2
DA:1839,2
DA:1842,2
DA:1843,0
DA:1844,0
DA:1846,2
DA:1849,0
DA:1852,2
DA:1857,4
DA:1858,0
DA:1860,2
DA:1871,4
DA:1872,2
DA:1873,2
DA:1876,2
DA:1877,0
DA:1878,0
DA:1880,2
DA:1883,0
DA:1886,2
DA:1891,4
DA:1892,0
DA:1893,2
DA:1904,4
DA:1906,2
DA:1907,0
DA:1909,2
DA:1911,0
LF:868
LH:821
end_of_record
